2026-01-27T14:26:43.259Z LOG: UI theme started.
2026-01-27T14:26:43.308Z INFO: Slow network is detected. See https://www.chromestatus.com/feature/5636954674692096 for more details. Fallback font will be used while loading: https://id.munidigital.com/security/resources/vrvzd/login/muniauth/node_modules/patternfly/dist/fonts/OpenSans-Regular-webfont.woff2
2026-01-27T14:26:55.574Z WARN: Google Maps JavaScript API has been loaded directly without loading=async. This can result in suboptimal performance. For best-practice loading patterns please see https://goo.gle/js-api-loading
2026-01-27T14:26:55.614Z LOG: AppRouter...
2026-01-27T14:26:55.951Z LOG: Router.menuInicio()
2026-01-27T14:26:56.788Z LOG: Router.gestionarOrdenesTrabajo()
2026-01-27T14:26:56.797Z WARN: Deprecation warning: moment().add(period, number) is deprecated. Please use moment().add(number, period).
2026-01-27T14:26:57.210Z WARN: Google Maps JavaScript API has been loaded directly without loading=async. This can result in suboptimal performance. For best-practice loading patterns please see https://goo.gle/js-api-loading
2026-01-27T14:26:57.271Z LOG: AppRouter...
2026-01-27T14:26:57.691Z LOG: Router.menuInicio()
2026-01-27T14:26:57.735Z LOG: Router.gestionarOrdenesTrabajo()
2026-01-27T14:26:57.738Z WARN: Deprecation warning: moment().add(period, number) is deprecated. Please use moment().add(number, period).
2026-01-27T14:27:02.268Z WARN: Google Maps JavaScript API warning: SensorNotRequired https://developers.google.com/maps/documentation/javascript/error-messages#sensor-not-required
2026-01-27T14:36:02.674Z LOG: UI theme started.
2026-01-27T14:36:15.033Z WARN: Google Maps JavaScript API has been loaded directly without loading=async. This can result in suboptimal performance. For best-practice loading patterns please see https://goo.gle/js-api-loading
2026-01-27T14:36:15.066Z LOG: AppRouter...
2026-01-27T14:36:15.743Z LOG: Router.menuInicio()
2026-01-27T14:36:16.829Z LOG: Router.gestionarOrdenesTrabajo()
2026-01-27T14:36:16.839Z WARN: Deprecation warning: moment().add(period, number) is deprecated. Please use moment().add(number, period).
2026-01-27T14:36:17.223Z WARN: Google Maps JavaScript API has been loaded directly without loading=async. This can result in suboptimal performance. For best-practice loading patterns please see https://goo.gle/js-api-loading
2026-01-27T14:36:17.281Z LOG: AppRouter...
2026-01-27T14:36:17.616Z LOG: Router.menuInicio()
2026-01-27T14:36:17.665Z LOG: Router.gestionarOrdenesTrabajo()
2026-01-27T14:36:17.668Z WARN: Deprecation warning: moment().add(period, number) is deprecated. Please use moment().add(number, period).
2026-01-27T14:36:22.275Z WARN: Google Maps JavaScript API warning: SensorNotRequired https://developers.google.com/maps/documentation/javascript/error-messages#sensor-not-required
2026-01-27T14:37:03.226Z LOG: Router.ordenDetalle()
2026-01-27T14:42:35.139Z LOG: UI theme started.
2026-01-27T14:42:47.693Z WARN: Google Maps JavaScript API has been loaded directly without loading=async. This can result in suboptimal performance. For best-practice loading patterns please see https://goo.gle/js-api-loading
2026-01-27T14:42:47.726Z LOG: AppRouter...
2026-01-27T14:42:48.173Z LOG: Router.menuInicio()
2026-01-27T14:42:48.956Z LOG: Router.gestionarOrdenesTrabajo()
2026-01-27T14:42:48.965Z WARN: Deprecation warning: moment().add(period, number) is deprecated. Please use moment().add(number, period).
2026-01-27T14:42:49.349Z WARN: Google Maps JavaScript API has been loaded directly without loading=async. This can result in suboptimal performance. For best-practice loading patterns please see https://goo.gle/js-api-loading
2026-01-27T14:42:49.408Z LOG: AppRouter...
2026-01-27T14:42:49.858Z LOG: Router.menuInicio()
2026-01-27T14:42:49.904Z LOG: Router.gestionarOrdenesTrabajo()
2026-01-27T14:42:49.906Z WARN: Deprecation warning: moment().add(period, number) is deprecated. Please use moment().add(number, period).
2026-01-27T14:42:54.404Z WARN: Google Maps JavaScript API warning: SensorNotRequired https://developers.google.com/maps/documentation/javascript/error-messages#sensor-not-required
2026-01-27T14:49:34.673Z LOG: UI theme started.
2026-01-27T14:49:46.759Z WARN: Google Maps JavaScript API has been loaded directly without loading=async. This can result in suboptimal performance. For best-practice loading patterns please see https://goo.gle/js-api-loading
2026-01-27T14:49:46.962Z LOG: AppRouter...
2026-01-27T14:49:47.372Z LOG: Router.menuInicio()
2026-01-27T14:49:48.578Z LOG: Router.gestionarOrdenesTrabajo()
2026-01-27T14:49:48.588Z WARN: Deprecation warning: moment().add(period, number) is deprecated. Please use moment().add(number, period).
2026-01-27T14:49:48.973Z WARN: Google Maps JavaScript API has been loaded directly without loading=async. This can result in suboptimal performance. For best-practice loading patterns please see https://goo.gle/js-api-loading
2026-01-27T14:49:49.032Z LOG: AppRouter...
2026-01-27T14:49:49.410Z LOG: Router.menuInicio()
2026-01-27T14:49:49.456Z LOG: Router.gestionarOrdenesTrabajo()
2026-01-27T14:49:49.459Z WARN: Deprecation warning: moment().add(period, number) is deprecated. Please use moment().add(number, period).
2026-01-27T14:49:54.026Z WARN: Google Maps JavaScript API warning: SensorNotRequired https://developers.google.com/maps/documentation/javascript/error-messages#sensor-not-required
2026-01-27T14:52:26.548Z LOG: Router.ordenDetalle()
2026-01-27T14:52:32.662Z LOG: Router.gestionarOrdenesTrabajo()
2026-01-27T14:52:49.205Z WARN: Google Maps JavaScript API has been loaded directly without loading=async. This can result in suboptimal performance. For best-practice loading patterns please see https://goo.gle/js-api-loading
2026-01-27T14:52:49.412Z LOG: AppRouter...
2026-01-27T14:52:49.756Z LOG: Router.menuInicio()
2026-01-27T14:52:49.816Z LOG: Router.gestionarOrdenesTrabajo()
2026-01-27T14:52:49.819Z WARN: Deprecation warning: moment().add(period, number) is deprecated. Please use moment().add(number, period).
2026-01-27T14:52:54.243Z WARN: Google Maps JavaScript API warning: SensorNotRequired https://developers.google.com/maps/documentation/javascript/error-messages#sensor-not-required
2026-01-27T14:54:21.958Z WARN: A preload for 'https://munidigital.com/app/styles/fonts/pfdindisplaypro-med-webfont.woff' is found, but is not used because the request credentials mode does not match. Consider taking a look at crossorigin attribute.
2026-01-27T14:54:22.139Z WARN: Google Maps JavaScript API has been loaded directly without loading=async. This can result in suboptimal performance. For best-practice loading patterns please see https://goo.gle/js-api-loading
2026-01-27T14:54:22.329Z LOG: AppRouter...
2026-01-27T14:54:22.643Z LOG: Router.menuInicio()
2026-01-27T14:54:22.703Z LOG: Router.gestionarOrdenesTrabajo()
2026-01-27T14:54:22.708Z WARN: Deprecation warning: moment().add(period, number) is deprecated. Please use moment().add(number, period).
2026-01-27T14:54:26.869Z WARN: The resource https://munidigital.com/app/styles/fonts/pfdindisplaypro-med-webfont.woff was preloaded using link preload but not used within a few seconds from the window's load event. Please make sure it has an appropriate `as` value and it is preloaded intentionally.
2026-01-27T14:54:27.159Z WARN: Google Maps JavaScript API warning: SensorNotRequired https://developers.google.com/maps/documentation/javascript/error-messages#sensor-not-required
2026-01-27T14:54:32.333Z WARN: The resource https://munidigital.com/app/styles/fonts/pfdindisplaypro-med-webfont.woff was preloaded using link preload but not used within a few seconds from the window's load event. Please make sure it has an appropriate `as` value and it is preloaded intentionally.
2026-01-27T14:54:35.390Z WARN: The resource https://munidigital.com/app/styles/fonts/pfdindisplaypro-med-webfont.woff was preloaded using link preload but not used within a few seconds from the window's load event. Please make sure it has an appropriate `as` value and it is preloaded intentionally.
2026-01-27T14:54:40.903Z WARN: The resource https://munidigital.com/app/styles/fonts/pfdindisplaypro-med-webfont.woff was preloaded using link preload but not used within a few seconds from the window's load event. Please make sure it has an appropriate `as` value and it is preloaded intentionally.
2026-01-27T14:54:56.947Z WARN: The resource https://munidigital.com/app/styles/fonts/pfdindisplaypro-med-webfont.woff was preloaded using link preload but not used within a few seconds from the window's load event. Please make sure it has an appropriate `as` value and it is preloaded intentionally.
2026-01-27T14:55:10.761Z WARN: The resource https://munidigital.com/app/styles/fonts/pfdindisplaypro-med-webfont.woff was preloaded using link preload but not used within a few seconds from the window's load event. Please make sure it has an appropriate `as` value and it is preloaded intentionally.
2026-01-27T14:55:15.421Z WARN: The resource https://munidigital.com/app/styles/fonts/pfdindisplaypro-med-webfont.woff was preloaded using link preload but not used within a few seconds from the window's load event. Please make sure it has an appropriate `as` value and it is preloaded intentionally.
2026-01-27T14:55:26.878Z WARN: The resource https://munidigital.com/app/styles/fonts/pfdindisplaypro-med-webfont.woff was preloaded using link preload but not used within a few seconds from the window's load event. Please make sure it has an appropriate `as` value and it is preloaded intentionally.
2026-01-27T14:55:40.919Z WARN: The resource https://munidigital.com/app/styles/fonts/pfdindisplaypro-med-webfont.woff was preloaded using link preload but not used within a few seconds from the window's load event. Please make sure it has an appropriate `as` value and it is preloaded intentionally.
2026-01-27T14:56:07.135Z WARN: The resource https://munidigital.com/app/styles/fonts/pfdindisplaypro-med-webfont.woff was preloaded using link preload but not used within a few seconds from the window's load event. Please make sure it has an appropriate `as` value and it is preloaded intentionally.
2026-01-27T14:56:19.465Z WARN: The resource https://munidigital.com/app/styles/fonts/pfdindisplaypro-med-webfont.woff was preloaded using link preload but not used within a few seconds from the window's load event. Please make sure it has an appropriate `as` value and it is preloaded intentionally.
2026-01-27T14:57:20.513Z WARN: The resource https://munidigital.com/app/styles/fonts/pfdindisplaypro-med-webfont.woff was preloaded using link preload but not used within a few seconds from the window's load event. Please make sure it has an appropriate `as` value and it is preloaded intentionally.
2026-01-27T14:58:21.510Z WARN: The resource https://munidigital.com/app/styles/fonts/pfdindisplaypro-med-webfont.woff was preloaded using link preload but not used within a few seconds from the window's load event. Please make sure it has an appropriate `as` value and it is preloaded intentionally.
2026-01-27T14:59:17.779Z WARN: The resource https://munidigital.com/app/styles/fonts/pfdindisplaypro-med-webfont.woff was preloaded using link preload but not used within a few seconds from the window's load event. Please make sure it has an appropriate `as` value and it is preloaded intentionally.
2026-01-27T15:00:18.816Z WARN: The resource https://munidigital.com/app/styles/fonts/pfdindisplaypro-med-webfont.woff was preloaded using link preload but not used within a few seconds from the window's load event. Please make sure it has an appropriate `as` value and it is preloaded intentionally.
2026-01-27T15:01:19.872Z WARN: The resource https://munidigital.com/app/styles/fonts/pfdindisplaypro-med-webfont.woff was preloaded using link preload but not used within a few seconds from the window's load event. Please make sure it has an appropriate `as` value and it is preloaded intentionally.
2026-01-27T15:02:14.690Z WARN: The resource https://munidigital.com/app/styles/fonts/pfdindisplaypro-med-webfont.woff was preloaded using link preload but not used within a few seconds from the window's load event. Please make sure it has an appropriate `as` value and it is preloaded intentionally.
2026-01-27T15:03:15.747Z WARN: The resource https://munidigital.com/app/styles/fonts/pfdindisplaypro-med-webfont.woff was preloaded using link preload but not used within a few seconds from the window's load event. Please make sure it has an appropriate `as` value and it is preloaded intentionally.
2026-01-27T15:04:16.761Z WARN: The resource https://munidigital.com/app/styles/fonts/pfdindisplaypro-med-webfont.woff was preloaded using link preload but not used within a few seconds from the window's load event. Please make sure it has an appropriate `as` value and it is preloaded intentionally.
2026-01-27T15:05:17.745Z WARN: The resource https://munidigital.com/app/styles/fonts/pfdindisplaypro-med-webfont.woff was preloaded using link preload but not used within a few seconds from the window's load event. Please make sure it has an appropriate `as` value and it is preloaded intentionally.
2026-01-27T15:05:56.473Z LOG: UI theme started.
2026-01-27T15:06:09.093Z WARN: Google Maps JavaScript API has been loaded directly without loading=async. This can result in suboptimal performance. For best-practice loading patterns please see https://goo.gle/js-api-loading
2026-01-27T15:06:09.128Z LOG: AppRouter...
2026-01-27T15:06:09.532Z LOG: Router.menuInicio()
2026-01-27T15:06:10.424Z LOG: Router.gestionarOrdenesTrabajo()
2026-01-27T15:06:10.432Z WARN: Deprecation warning: moment().add(period, number) is deprecated. Please use moment().add(number, period).
2026-01-27T15:06:10.817Z WARN: Google Maps JavaScript API has been loaded directly without loading=async. This can result in suboptimal performance. For best-practice loading patterns please see https://goo.gle/js-api-loading
2026-01-27T15:06:10.875Z LOG: AppRouter...
2026-01-27T15:06:11.281Z LOG: Router.menuInicio()
2026-01-27T15:06:11.325Z LOG: Router.gestionarOrdenesTrabajo()
2026-01-27T15:06:11.328Z WARN: Deprecation warning: moment().add(period, number) is deprecated. Please use moment().add(number, period).
2026-01-27T15:06:15.875Z WARN: Google Maps JavaScript API warning: SensorNotRequired https://developers.google.com/maps/documentation/javascript/error-messages#sensor-not-required
2026-01-27T15:07:14.347Z WARN: Google Maps JavaScript API has been loaded directly without loading=async. This can result in suboptimal performance. For best-practice loading patterns please see https://goo.gle/js-api-loading
2026-01-27T15:07:14.538Z LOG: AppRouter...
2026-01-27T15:07:15.142Z LOG: Router.menuInicio()
2026-01-27T15:07:15.200Z LOG: Router.gestionarOrdenesTrabajo()
2026-01-27T15:07:15.205Z WARN: Deprecation warning: moment().add(period, number) is deprecated. Please use moment().add(number, period).
2026-01-27T15:07:19.379Z WARN: Google Maps JavaScript API warning: SensorNotRequired https://developers.google.com/maps/documentation/javascript/error-messages#sensor-not-required
2026-01-27T15:12:40.988Z LOG: UI theme started.
2026-01-27T15:12:41.001Z INFO: Slow network is detected. See https://www.chromestatus.com/feature/5636954674692096 for more details. Fallback font will be used while loading: https://id.munidigital.com/security/resources/vrvzd/login/muniauth/node_modules/patternfly/dist/fonts/OpenSans-Regular-webfont.woff2
2026-01-27T15:12:53.249Z WARN: Google Maps JavaScript API has been loaded directly without loading=async. This can result in suboptimal performance. For best-practice loading patterns please see https://goo.gle/js-api-loading
2026-01-27T15:12:53.283Z LOG: AppRouter...
2026-01-27T15:12:53.679Z LOG: Router.menuInicio()
2026-01-27T15:12:54.478Z LOG: Router.gestionarOrdenesTrabajo()
2026-01-27T15:12:54.488Z WARN: Deprecation warning: moment().add(period, number) is deprecated. Please use moment().add(number, period).
2026-01-27T15:12:54.866Z WARN: Google Maps JavaScript API has been loaded directly without loading=async. This can result in suboptimal performance. For best-practice loading patterns please see https://goo.gle/js-api-loading
2026-01-27T15:12:54.924Z LOG: AppRouter...
2026-01-27T15:12:55.329Z LOG: Router.menuInicio()
2026-01-27T15:12:55.373Z LOG: Router.gestionarOrdenesTrabajo()
2026-01-27T15:12:55.375Z WARN: Deprecation warning: moment().add(period, number) is deprecated. Please use moment().add(number, period).
2026-01-27T15:12:59.928Z WARN: Google Maps JavaScript API warning: SensorNotRequired https://developers.google.com/maps/documentation/javascript/error-messages#sensor-not-required
2026-01-27T15:17:40.278Z LOG: UI theme started.
2026-01-27T15:17:40.292Z INFO: Slow network is detected. See https://www.chromestatus.com/feature/5636954674692096 for more details. Fallback font will be used while loading: https://id.munidigital.com/security/resources/vrvzd/login/muniauth/node_modules/patternfly/dist/fonts/OpenSans-Regular-webfont.woff2
2026-01-27T15:17:52.402Z WARN: Google Maps JavaScript API has been loaded directly without loading=async. This can result in suboptimal performance. For best-practice loading patterns please see https://goo.gle/js-api-loading
2026-01-27T15:17:52.605Z LOG: AppRouter...
2026-01-27T15:17:52.978Z LOG: Router.menuInicio()
2026-01-27T15:17:53.969Z LOG: Router.gestionarOrdenesTrabajo()
2026-01-27T15:17:53.981Z WARN: Deprecation warning: moment().add(period, number) is deprecated. Please use moment().add(number, period).
2026-01-27T15:17:54.363Z WARN: Google Maps JavaScript API has been loaded directly without loading=async. This can result in suboptimal performance. For best-practice loading patterns please see https://goo.gle/js-api-loading
2026-01-27T15:17:54.422Z LOG: AppRouter...
2026-01-27T15:17:54.828Z LOG: Router.menuInicio()
2026-01-27T15:17:54.873Z LOG: Router.gestionarOrdenesTrabajo()
2026-01-27T15:17:54.875Z WARN: Deprecation warning: moment().add(period, number) is deprecated. Please use moment().add(number, period).
2026-01-27T15:17:59.419Z WARN: Google Maps JavaScript API warning: SensorNotRequired https://developers.google.com/maps/documentation/javascript/error-messages#sensor-not-required
2026-01-27T15:21:27.667Z WARN: Google Maps JavaScript API has been loaded directly without loading=async. This can result in suboptimal performance. For best-practice loading patterns please see https://goo.gle/js-api-loading
2026-01-27T15:21:27.694Z LOG: AppRouter...
2026-01-27T15:21:28.064Z LOG: Router.menuInicio()
2026-01-27T15:21:28.110Z LOG: Router.gestionarOrdenesTrabajo()
2026-01-27T15:21:28.113Z WARN: Deprecation warning: moment().add(period, number) is deprecated. Please use moment().add(number, period).
2026-01-27T15:21:32.689Z WARN: Google Maps JavaScript API warning: SensorNotRequired https://developers.google.com/maps/documentation/javascript/error-messages#sensor-not-required
2026-01-27T15:39:49.708Z LOG: UI theme started.
2026-01-27T15:39:49.720Z INFO: Slow network is detected. See https://www.chromestatus.com/feature/5636954674692096 for more details. Fallback font will be used while loading: https://id.munidigital.com/security/resources/vrvzd/login/muniauth/node_modules/patternfly/dist/fonts/OpenSans-Regular-webfont.woff2
2026-01-27T15:40:01.879Z WARN: Google Maps JavaScript API has been loaded directly without loading=async. This can result in suboptimal performance. For best-practice loading patterns please see https://goo.gle/js-api-loading
2026-01-27T15:40:01.919Z LOG: AppRouter...
2026-01-27T15:40:02.304Z LOG: Router.menuInicio()
2026-01-27T15:40:03.118Z LOG: Router.gestionarOrdenesTrabajo()
2026-01-27T15:40:03.130Z WARN: Deprecation warning: moment().add(period, number) is deprecated. Please use moment().add(number, period).
2026-01-27T15:40:03.516Z WARN: Google Maps JavaScript API has been loaded directly without loading=async. This can result in suboptimal performance. For best-practice loading patterns please see https://goo.gle/js-api-loading
2026-01-27T15:40:03.576Z LOG: AppRouter...
2026-01-27T15:40:04.149Z LOG: Router.menuInicio()
2026-01-27T15:40:04.195Z LOG: Router.gestionarOrdenesTrabajo()
2026-01-27T15:40:04.198Z WARN: Deprecation warning: moment().add(period, number) is deprecated. Please use moment().add(number, period).
2026-01-27T15:40:08.572Z WARN: Google Maps JavaScript API warning: SensorNotRequired https://developers.google.com/maps/documentation/javascript/error-messages#sensor-not-required
2026-01-27T15:40:20.597Z LOG: Router.ordenDetalle()
